2020-11-03 13:21:08 Cmdgrid: Start Cmdgrid ......
2020-11-03 13:21:08 Cmdgrid: default
2020-11-03 13:21:08 Cmdgrid: E:/work1/1/113/grid/m6_str_0.bcmesh
2020-11-03 13:21:08 Cmdgrid: E:/fts/1/113/default
2020-11-03 13:21:08 Cmdgrid: Start exporter ......
2020-11-03 13:21:08 Cmdgrid: End exporter ......
2020-11-03 13:55:03 Cmdgrid: Start Cmdgrid ......
2020-11-03 13:55:03 Cmdgrid: "default"
2020-11-03 13:55:03 Cmdgrid: "E:/work1/1/113/grid/m6_str_0.bcmesh"
2020-11-03 13:55:03 Cmdgrid: "E:/fts/1/113/default"
2020-11-03 13:55:04 Cmdgrid: Start exporter ......
2020-11-03 13:55:04 Cmdgrid: End exporter ......
2020-11-03 13:58:00 Cmdgrid: Start Cmdgrid ......
2020-11-03 13:58:00 Cmdgrid: "default"
2020-11-03 13:58:00 Cmdgrid: "E:/work1/1/113/grid/m6_str_0.bcmesh"
2020-11-03 13:58:00 Cmdgrid: "E:/fts/1/113/default"
2020-11-03 13:58:00 Cmdgrid: Start exporter ......
2020-11-03 13:58:01 Cmdgrid: End exporter ......
2020-11-03 14:16:31 Cmdgrid: Start Cmdgrid ......
2020-11-03 14:16:32 Cmdgrid: "default"
2020-11-03 14:16:32 Cmdgrid: "E:/work1/1/113/grid/m6_str_0.bcmesh"
2020-11-03 14:16:32 Cmdgrid: "E:/fts/1/113/default"
2020-11-03 14:16:32 Cmdgrid: Start exporter ......
2020-11-03 14:16:32 Cmdgrid: End exporter ......
2020-11-03 14:17:08 Cmdgrid: Start Cmdgrid ......
2020-11-03 14:17:08 Cmdgrid: "default"
2020-11-03 14:17:08 Cmdgrid: "E:/work1/1/113/grid/m6_str_0.bcmesh"
2020-11-03 14:17:08 Cmdgrid: "E:/fts/1/113/default"
2020-11-03 14:17:09 Cmdgrid: Start exporter ......
2020-11-03 14:17:09 Cmdgrid: End exporter ......
2020-11-03 14:17:20 Cmdgrid: Start Cmdgrid ......
2020-11-03 14:17:20 Cmdgrid: "default"
2020-11-03 14:17:20 Cmdgrid: "E:/work1/1/113/grid/m6_str_0.bcmesh"
2020-11-03 14:17:20 Cmdgrid: "E:/fts/1/113/default"
2020-11-03 14:17:20 Cmdgrid: Start exporter ......
2020-11-03 14:17:20 Cmdgrid: End exporter ......
2020-11-03 14:17:57 Cmdgrid: Start Cmdgrid ......
2020-11-03 14:17:57 Cmdgrid: "default"
2020-11-03 14:17:57 Cmdgrid: "E:/work1/1/113/grid/m6_str_0.bcmesh"
2020-11-03 14:17:57 Cmdgrid: "E:/fts/1/113/default"
2020-11-03 14:17:58 Cmdgrid: Start exporter ......
2020-11-03 14:17:58 Cmdgrid: End exporter ......
2020-11-03 14:23:15 Cmdgrid: Start Cmdgrid ......
2020-11-03 14:23:15 Cmdgrid: default
2020-11-03 14:23:15 Cmdgrid: E:/work1/1/113/grid/m6_str_0.bcmesh
2020-11-03 14:23:15 Cmdgrid: E:/fts/1/113/default
2020-11-03 14:23:16 Cmdgrid: Start exporter ......
2020-11-03 14:23:16 Cmdgrid: End exporter ......
2020-11-03 14:23:42 Cmdgrid: Start Cmdgrid ......
2020-11-03 14:23:42 Cmdgrid: default
2020-11-03 14:23:42 Cmdgrid: E:/work1/1/113/grid/m6_str_0.bcmesh
2020-11-03 14:23:42 Cmdgrid: E:/fts/1/113/default
2020-11-03 14:23:42 Cmdgrid: Start exporter ......
2020-11-03 14:23:42 Cmdgrid: End exporter ......
2020-11-03 14:32:35 Cmdgrid: Start Cmdgrid ......
2020-11-03 14:32:36 Cmdgrid: default
2020-11-03 14:32:36 Cmdgrid: E:/work1/1/113/grid/m6_str_0.bcmesh
2020-11-03 14:32:36 Cmdgrid: E:/fts/1/113/default
2020-11-03 14:32:36 Cmdgrid: Start exporter ......
2020-11-03 14:32:36 Cmdgrid: End exporter ......
2020-11-03 14:32:51 Cmdgrid: Start Cmdgrid ......
2020-11-03 14:32:51 Cmdgrid: default
2020-11-03 14:32:51 Cmdgrid: E:/work1/1/113/grid/m6_str_0.bcmesh
2020-11-03 14:32:51 Cmdgrid: E:/fts/1/113/default
2020-11-03 14:32:52 Cmdgrid: Start exporter ......
2020-11-03 14:32:52 Cmdgrid: End exporter ......
2020-11-03 14:34:06 Cmdgrid: Start Cmdgrid ......
2020-11-03 14:34:06 Cmdgrid: default
2020-11-03 14:34:06 Cmdgrid: E:/work1/1/113/grid/m6_str_0.bcmesh
2020-11-03 14:34:06 Cmdgrid: E:/fts/1/113/default
2020-11-03 14:34:06 Cmdgrid: Start exporter ......
2020-11-03 14:34:06 Cmdgrid: End exporter ......
2020-11-03 14:34:42 Cmdgrid: Start Cmdgrid ......
2020-11-03 14:34:42 Cmdgrid: default
2020-11-03 14:34:42 Cmdgrid: E:/work1/1/113/grid/m6_str_0.bcmesh
2020-11-03 14:34:42 Cmdgrid: E:/fts/1/113/default
2020-11-03 14:34:43 Cmdgrid: Start exporter ......
2020-11-03 14:34:43 Cmdgrid: End exporter ......
2020-11-03 14:35:01 Cmdgrid: Start Cmdgrid ......
2020-11-03 14:35:01 Cmdgrid: default
2020-11-03 14:35:01 Cmdgrid: E:/work1/1/113/grid/m6_str_0.bcmesh
2020-11-03 14:35:01 Cmdgrid: E:/fts/1/113/default
2020-11-03 14:35:01 Cmdgrid: Start exporter ......
2020-11-03 14:35:01 Cmdgrid: End exporter ......
